{
  "RSpec": {
    "coverage": {
      "/Users/spikelny/Desktop/DBC Notes/dbc-code/mano-a-many/spec/controllers/sessions_controller_spec.rb": [
        1,
        1,
        null,
        1,
        null,
        1,
        3,
        null,
        null,
        1,
        1,
        1,
        1,
        1,
        1,
        null,
        null,
        1,
        1,
        1,
        null,
        null,
        null,
        1,
        1,
        1,
        1,
        1,
        1,
        null,
        null,
        null
      ],
      "/Users/spikelny/Desktop/DBC Notes/dbc-code/mano-a-many/spec/rails_helper.rb": [
        null,
        1,
        1,
        1,
        1,
        1,
        null,
        null,
        null,
        null,
        null,
        null,
        null,
        null,
        1,
        null,
        null,
        null,
        1,
        null,
        1,
        null,
        1,
        null,
        null,
        null,
        null,
        1,
        null,
        null,
        null,
        null,
        null,
        null,
        null,
        null,
        null,
        null,
        null,
        null,
        null,
        null,
        1,
        null
      ],
      "/Users/spikelny/Desktop/DBC Notes/dbc-code/mano-a-many/config/environment.rb": [
        null,
        1,
        null,
        null,
        1
      ],
      "/Users/spikelny/Desktop/DBC Notes/dbc-code/mano-a-many/config/application.rb": [
        1,
        null,
        null,
        1,
        1,
        1,
        1,
        1,
        1,
        null,
        null,
        null,
        null,
        1,
        null,
        1,
        1,
        null,
        null,
        null,
        null,
        null,
        null,
        null,
        null,
        null,
        null,
        null,
        null,
        null
      ],
      "/Users/spikelny/Desktop/DBC Notes/dbc-code/mano-a-many/config/boot.rb": [
        null,
        1,
        null,
        1
      ],
      "/Users/spikelny/Desktop/DBC Notes/dbc-code/mano-a-many/config/environments/test.rb": [
        1,
        null,
        null,
        null,
        null,
        null,
        null,
        1,
        null,
        null,
        null,
        null,
        1,
        null,
        null,
        1,
        1,
        null,
        null,
        1,
        1,
        null,
        null,
        1,
        null,
        null,
        1,
        null,
        null,
        null,
        null,
        1,
        null,
        null,
        1,
        null,
        null,
        null,
        null
      ],
      "/Users/spikelny/Desktop/DBC Notes/dbc-code/mano-a-many/config/initializers/assets.rb": [
        null,
        null,
        null,
        1,
        null,
        null,
        null,
        null
      ],
      "/Users/spikelny/Desktop/DBC Notes/dbc-code/mano-a-many/config/initializers/backtrace_silencers.rb": [
        null,
        null,
        null,
        null,
        null,
        null,
        null
      ],
      "/Users/spikelny/Desktop/DBC Notes/dbc-code/mano-a-many/config/initializers/cookies_serializer.rb": [
        null,
        null,
        1
      ],
      "/Users/spikelny/Desktop/DBC Notes/dbc-code/mano-a-many/config/initializers/filter_parameter_logging.rb": [
        null,
        null,
        null,
        1
      ],
      "/Users/spikelny/Desktop/DBC Notes/dbc-code/mano-a-many/config/initializers/inflections.rb": [
        null,
        null,
        null,
        null,
        null,
        null,
        null,
        null,
        null,
        null,
        null,
        null,
        null,
        null,
        null,
        null
      ],
      "/Users/spikelny/Desktop/DBC Notes/dbc-code/mano-a-many/config/initializers/mime_types.rb": [
        null,
        null,
        null,
        null
      ],
      "/Users/spikelny/Desktop/DBC Notes/dbc-code/mano-a-many/config/initializers/session_store.rb": [
        null,
        null,
        1
      ],
      "/Users/spikelny/Desktop/DBC Notes/dbc-code/mano-a-many/config/initializers/wrap_parameters.rb": [
        null,
        null,
        null,
        null,
        null,
        null,
        1,
        1,
        null,
        null,
        null,
        null,
        null,
        null
      ],
      "/Users/spikelny/Desktop/DBC Notes/dbc-code/mano-a-many/config/routes.rb": [
        1,
        null,
        1,
        null,
        1,
        1,
        1,
        null,
        1,
        1,
        1,
        1,
        null,
        null,
        null,
        null,
        null,
        null
      ],
      "/Users/spikelny/Desktop/DBC Notes/dbc-code/mano-a-many/app/helpers/application_helper.rb": [
        1,
        null,
        null,
        null
      ],
      "/Users/spikelny/Desktop/DBC Notes/dbc-code/mano-a-many/app/helpers/sessions_helper.rb": [
        1,
        null,
        1,
        5,
        null,
        null,
        null
      ],
      "/Users/spikelny/Desktop/DBC Notes/dbc-code/mano-a-many/app/helpers/squares_helper.rb": [
        1,
        null,
        null
      ],
      "/Users/spikelny/Desktop/DBC Notes/dbc-code/mano-a-many/app/helpers/transactions_helper.rb": [
        1,
        null,
        1,
        0,
        null,
        null,
        null
      ],
      "/Users/spikelny/Desktop/DBC Notes/dbc-code/mano-a-many/app/helpers/users_helper.rb": [
        1,
        null,
        1,
        1,
        null,
        null,
        null
      ],
      "/Users/spikelny/Desktop/DBC Notes/dbc-code/mano-a-many/app/controllers/sessions_controller.rb": [
        1,
        1,
        null,
        null,
        1,
        0,
        null,
        null,
        null,
        1,
        3,
        3,
        2,
        2,
        null,
        1,
        1,
        null,
        null,
        null,
        null,
        null,
        1,
        1,
        1,
        null,
        null,
        null
      ],
      "/Users/spikelny/Desktop/DBC Notes/dbc-code/mano-a-many/app/controllers/application_controller.rb": [
        1,
        null,
        null,
        1,
        null,
        1,
        0,
        null,
        1,
        null,
        null
      ],
      "/Users/spikelny/Desktop/DBC Notes/dbc-code/mano-a-many/spec/controllers/users_controller_spec.rb": [
        1,
        null,
        1,
        2,
        null,
        null,
        null,
        null,
        null,
        1,
        1,
        1,
        null,
        null,
        1,
        1,
        1,
        1,
        null,
        null,
        null,
        1,
        1,
        1,
        1,
        null,
        null,
        null,
        null,
        null,
        null,
        2,
        null,
        null,
        null,
        1,
        1,
        1,
        1,
        null,
        null,
        null
      ],
      "/Users/spikelny/Desktop/DBC Notes/dbc-code/mano-a-many/app/controllers/users_controller.rb": [
        1,
        1,
        null,
        1,
        null,
        null,
        null,
        1,
        1,
        null,
        null,
        null,
        1,
        1,
        1,
        1,
        null,
        0,
        0,
        null,
        null,
        null,
        1,
        1,
        1,
        null,
        null,
        null
      ],
      "/Users/spikelny/Desktop/DBC Notes/dbc-code/mano-a-many/spec/models/group_spec.rb": [
        1,
        1,
        1,
        null,
        1,
        1,
        9,
        9,
        9,
        9,
        null,
        null,
        9,
        null,
        9,
        9,
        9,
        null,
        9,
        9,
        9,
        9,
        9,
        null,
        9,
        null,
        null,
        1,
        2,
        2,
        2,
        null,
        null,
        1,
        null,
        1,
        1,
        null,
        null,
        1,
        1,
        null,
        null,
        1,
        1,
        1,
        1,
        null,
        null,
        1,
        1,
        1,
        1,
        null,
        null,
        null,
        null,
        1,
        1,
        1,
        1,
        null,
        null,
        1,
        1,
        1,
        null,
        null,
        null,
        null
      ],
      "/Users/spikelny/Desktop/DBC Notes/dbc-code/mano-a-many/app/models/group.rb": [
        1,
        1,
        1,
        1,
        1,
        null,
        1,
        null,
        1,
        0,
        0,
        0,
        null,
        null,
        1,
        0,
        0,
        0,
        0,
        0,
        0,
        null,
        null,
        0,
        null,
        null,
        1,
        0,
        0,
        0,
        0,
        0,
        0,
        null,
        null,
        0,
        null,
        null,
        1,
        6,
        24,
        null,
        6,
        18,
        null,
        6,
        null,
        6,
        22,
        null,
        null,
        null,
        1,
        2,
        6,
        6,
        null,
        null,
        null
      ],
      "/Users/spikelny/Desktop/DBC Notes/dbc-code/mano-a-many/spec/models/membership_spec.rb": [
        1,
        1,
        null,
        1,
        1,
        2,
        2,
        null,
        null
      ],
      "/Users/spikelny/Desktop/DBC Notes/dbc-code/mano-a-many/app/models/membership.rb": [
        1,
        1,
        1,
        null
      ],
      "/Users/spikelny/Desktop/DBC Notes/dbc-code/mano-a-many/spec/models/squaring_event_spec.rb": [
        1,
        1,
        null,
        1,
        1,
        26,
        null,
        null,
        1,
        2,
        2,
        2,
        2,
        null,
        null,
        1,
        1,
        1,
        1,
        1,
        null,
        null,
        1,
        1,
        1,
        1,
        null,
        null,
        null,
        null,
        1,
        1,
        1,
        1,
        2,
        null,
        null,
        1,
        1,
        1,
        1,
        null,
        null,
        1,
        1,
        1,
        1,
        null,
        null,
        null,
        1,
        null,
        1,
        1,
        5,
        5,
        null,
        1,
        1,
        null,
        null,
        1,
        1,
        null,
        null,
        1,
        1,
        null,
        null,
        1,
        1,
        null,
        null,
        1,
        1,
        null,
        null,
        1,
        1,
        1,
        1,
        null,
        1,
        1,
        null,
        null,
        null,
        null,
        1,
        1,
        8,
        null,
        null,
        null,
        null,
        8,
        null,
        null,
        null,
        null,
        1,
        1,
        null,
        null,
        1,
        1,
        null,
        null,
        1,
        1,
        null,
        null,
        1,
        1,
        null,
        null,
        1,
        1,
        null,
        null,
        1,
        1,
        null,
        null,
        1,
        1,
        null,
        null,
        1,
        1,
        null,
        null,
        null,
        1,
        1,
        1,
        null,
        null,
        null,
        null,
        null,
        null,
        1,
        null,
        null,
        null,
        null,
        null,
        null,
        null,
        null,
        1,
        1,
        null,
        null,
        null,
        null,
        null,
        null,
        null,
        1,
        1,
        null,
        0,
        0,
        null,
        null,
        0,
        0,
        0,
        null,
        null,
        null,
        null,
        null,
        null,
        null,
        1,
        1,
        null,
        0,
        null,
        null,
        null,
        null
      ],
      "/Users/spikelny/Desktop/DBC Notes/dbc-code/mano-a-many/app/models/squaring_event.rb": [
        1,
        1,
        1,
        1,
        1,
        null,
        1,
        1,
        null,
        null,
        1,
        1,
        1,
        1,
        1,
        10,
        10,
        10,
        10,
        null,
        1,
        null,
        null,
        1,
        24,
        23,
        222,
        null,
        1,
        null,
        null,
        null,
        1,
        26,
        26,
        null,
        null,
        1,
        16,
        63,
        null,
        40,
        237,
        null,
        null,
        6,
        null,
        null,
        null,
        null,
        null,
        null,
        null,
        1,
        103,
        96,
        17,
        null,
        17,
        null,
        null,
        null,
        null,
        1,
        10,
        null,
        null,
        null,
        null,
        null,
        null,
        null,
        null,
        10,
        null,
        null,
        1,
        10,
        10,
        10,
        null,
        10,
        10,
        null,
        null
      ],
      "/Users/spikelny/Desktop/DBC Notes/dbc-code/mano-a-many/spec/models/transaction_spec.rb": [
        1,
        1,
        null,
        1,
        null,
        2,
        null,
        2,
        null,
        2,
        null,
        2,
        null,
        2,
        null,
        2,
        null,
        2,
        null,
        null
      ],
      "/Users/spikelny/Desktop/DBC Notes/dbc-code/mano-a-many/app/models/transaction.rb": [
        1,
        null,
        1,
        1,
        1,
        null,
        1,
        1,
        1,
        1,
        null,
        null,
        null,
        1,
        null,
        null,
        1,
        null,
        null,
        null,
        null
      ],
      "/Users/spikelny/Desktop/DBC Notes/dbc-code/mano-a-many/spec/models/user_spec.rb": [
        1,
        null,
        1,
        1,
        2,
        2,
        2,
        2,
        2,
        2,
        null,
        null,
        null,
        1,
        1,
        2,
        null,
        null,
        null,
        2,
        null,
        null,
        null,
        2,
        null,
        null,
        null,
        null,
        null,
        null,
        null,
        2,
        null,
        null,
        null,
        null,
        null,
        null,
        null,
        null,
        1,
        1,
        null,
        1,
        1,
        null,
        null,
        null,
        1,
        1,
        2,
        null,
        null,
        null,
        null,
        2,
        null,
        null,
        null,
        null,
        2,
        null,
        null,
        null,
        null,
        null,
        null,
        null,
        null,
        null,
        null,
        1,
        1,
        null,
        null,
        1,
        1,
        null,
        null,
        null
      ],
      "/Users/spikelny/Desktop/DBC Notes/dbc-code/mano-a-many/app/models/user.rb": [
        1,
        1,
        1,
        null,
        1,
        1,
        1,
        1,
        null,
        null,
        1,
        null,
        1,
        2,
        null,
        null,
        1,
        3,
        0,
        0,
        null,
        null,
        3,
        2,
        null,
        null,
        null,
        null,
        1,
        3,
        0,
        0,
        null,
        null,
        3,
        2,
        null,
        null,
        null,
        null,
        1,
        null,
        null,
        null
      ],
      "/Users/spikelny/Desktop/DBC Notes/dbc-code/mano-a-many/spec/models/user_squaring_spec.rb": [
        1,
        1,
        null,
        1,
        2,
        2,
        null,
        null
      ],
      "/Users/spikelny/Desktop/DBC Notes/dbc-code/mano-a-many/app/models/user_squaring.rb": [
        1,
        1,
        1,
        null,
        null
      ]
    },
    "timestamp": 1409438049
  }
}
