{
  "RSpec": {
    "coverage": {
      "/Users/spikelny/Desktop/DBC Notes/dbc-code/mano-a-many/spec/controllers/sessions_controller_spec.rb": [
        1,
        1,
        null,
        1,
        null,
        1,
        3,
        null,
        null,
        1,
        1,
        1,
        1,
        1,
        1,
        null,
        null,
        1,
        1,
        1,
        null,
        null,
        null,
        1,
        1,
        1,
        1,
        1,
        1,
        null,
        null,
        null
      ],
      "/Users/spikelny/Desktop/DBC Notes/dbc-code/mano-a-many/spec/rails_helper.rb": [
        null,
        1,
        1,
        1,
        1,
        1,
        null,
        null,
        null,
        null,
        null,
        null,
        null,
        null,
        1,
        null,
        null,
        null,
        1,
        null,
        1,
        null,
        1,
        null,
        null,
        null,
        null,
        1,
        null,
        null,
        null,
        null,
        null,
        null,
        null,
        null,
        null,
        null,
        null,
        null,
        null,
        null,
        1,
        null
      ],
      "/Users/spikelny/Desktop/DBC Notes/dbc-code/mano-a-many/config/environment.rb": [
        null,
        1,
        null,
        null,
        1
      ],
      "/Users/spikelny/Desktop/DBC Notes/dbc-code/mano-a-many/config/application.rb": [
        1,
        null,
        null,
        1,
        1,
        1,
        1,
        1,
        1,
        null,
        null,
        null,
        null,
        1,
        null,
        1,
        1,
        null,
        null,
        null,
        null,
        null,
        null,
        null,
        null,
        null,
        null,
        null,
        null,
        null
      ],
      "/Users/spikelny/Desktop/DBC Notes/dbc-code/mano-a-many/config/boot.rb": [
        null,
        1,
        null,
        1
      ],
      "/Users/spikelny/Desktop/DBC Notes/dbc-code/mano-a-many/config/environments/test.rb": [
        1,
        null,
        null,
        null,
        null,
        null,
        null,
        1,
        null,
        null,
        null,
        null,
        1,
        null,
        null,
        1,
        1,
        null,
        null,
        1,
        1,
        null,
        null,
        1,
        null,
        null,
        1,
        null,
        null,
        null,
        null,
        1,
        null,
        null,
        1,
        null,
        null,
        null,
        null
      ],
      "/Users/spikelny/Desktop/DBC Notes/dbc-code/mano-a-many/config/initializers/assets.rb": [
        null,
        null,
        null,
        1,
        null,
        null,
        null,
        null
      ],
      "/Users/spikelny/Desktop/DBC Notes/dbc-code/mano-a-many/config/initializers/backtrace_silencers.rb": [
        null,
        null,
        null,
        null,
        null,
        null,
        null
      ],
      "/Users/spikelny/Desktop/DBC Notes/dbc-code/mano-a-many/config/initializers/cookies_serializer.rb": [
        null,
        null,
        1
      ],
      "/Users/spikelny/Desktop/DBC Notes/dbc-code/mano-a-many/config/initializers/filter_parameter_logging.rb": [
        null,
        null,
        null,
        1
      ],
      "/Users/spikelny/Desktop/DBC Notes/dbc-code/mano-a-many/config/initializers/inflections.rb": [
        null,
        null,
        null,
        null,
        null,
        null,
        null,
        null,
        null,
        null,
        null,
        null,
        null,
        null,
        null,
        null
      ],
      "/Users/spikelny/Desktop/DBC Notes/dbc-code/mano-a-many/config/initializers/mime_types.rb": [
        null,
        null,
        null,
        null
      ],
      "/Users/spikelny/Desktop/DBC Notes/dbc-code/mano-a-many/config/initializers/session_store.rb": [
        null,
        null,
        1
      ],
      "/Users/spikelny/Desktop/DBC Notes/dbc-code/mano-a-many/config/initializers/wrap_parameters.rb": [
        null,
        null,
        null,
        null,
        null,
        null,
        1,
        1,
        null,
        null,
        null,
        null,
        null,
        null
      ],
      "/Users/spikelny/Desktop/DBC Notes/dbc-code/mano-a-many/config/routes.rb": [
        1,
        null,
        1,
        null,
        1,
        1,
        1,
        null,
        1,
        1,
        1,
        1,
        null,
        1,
        null,
        null
      ],
      "/Users/spikelny/Desktop/DBC Notes/dbc-code/mano-a-many/app/helpers/application_helper.rb": [
        1,
        null,
        null,
        null
      ],
      "/Users/spikelny/Desktop/DBC Notes/dbc-code/mano-a-many/app/helpers/sessions_helper.rb": [
        1,
        null,
        1,
        5,
        null,
        null,
        null
      ],
      "/Users/spikelny/Desktop/DBC Notes/dbc-code/mano-a-many/app/helpers/transactions_helper.rb": [
        1,
        null,
        1,
        0,
        null,
        null,
        null
      ],
      "/Users/spikelny/Desktop/DBC Notes/dbc-code/mano-a-many/app/helpers/users_helper.rb": [
        1,
        null,
        1,
        1,
        null,
        null,
        null
      ],
      "/Users/spikelny/Desktop/DBC Notes/dbc-code/mano-a-many/app/controllers/sessions_controller.rb": [
        1,
        1,
        null,
        null,
        1,
        0,
        null,
        null,
        null,
        1,
        3,
        3,
        2,
        2,
        null,
        1,
        1,
        null,
        null,
        null,
        null,
        null,
        1,
        1,
        1,
        null,
        null,
        null
      ],
      "/Users/spikelny/Desktop/DBC Notes/dbc-code/mano-a-many/app/controllers/application_controller.rb": [
        1,
        null,
        null,
        1,
        null,
        1,
        0,
        null,
        1,
        null,
        null
      ],
      "/Users/spikelny/Desktop/DBC Notes/dbc-code/mano-a-many/spec/controllers/users_controller_spec.rb": [
        1,
        null,
        1,
        2,
        null,
        null,
        null,
        null,
        null,
        1,
        1,
        1,
        null,
        null,
        1,
        1,
        1,
        1,
        null,
        null,
        null,
        1,
        1,
        1,
        1,
        null,
        null,
        null,
        null,
        null,
        null,
        2,
        null,
        null,
        null,
        1,
        1,
        1,
        1,
        null,
        null,
        null
      ],
      "/Users/spikelny/Desktop/DBC Notes/dbc-code/mano-a-many/app/controllers/users_controller.rb": [
        1,
        1,
        null,
        1,
        null,
        null,
        null,
        1,
        1,
        null,
        null,
        null,
        1,
        1,
        1,
        1,
        null,
        0,
        0,
        null,
        null,
        null,
        1,
        1,
        1,
        null,
        null,
        null
      ],
      "/Users/spikelny/Desktop/DBC Notes/dbc-code/mano-a-many/spec/models/group_spec.rb": [
        1,
        1,
        null,
        1,
        1,
        11,
        11,
        11,
        11,
        null,
        null,
        11,
        null,
        11,
        11,
        11,
        null,
        11,
        11,
        11,
        11,
        11,
        null,
        11,
        null,
        null,
        1,
        2,
        2,
        2,
        null,
        null,
        1,
        1,
        3,
        3,
        null,
        null,
        null,
        3,
        null,
        null,
        null,
        3,
        3,
        3,
        null,
        1,
        1,
        null,
        1,
        1,
        null,
        1,
        1,
        null,
        null,
        null,
        1,
        null,
        1,
        1,
        null,
        null,
        1,
        1,
        null,
        null,
        1,
        1,
        1,
        1,
        null,
        null,
        1,
        1,
        1,
        1,
        null,
        null,
        null,
        null,
        1,
        1,
        1,
        1,
        1,
        null,
        null,
        1,
        null,
        1,
        1,
        1,
        null,
        1,
        1,
        1,
        1,
        1,
        null,
        1,
        1,
        null,
        null,
        1,
        0,
        0,
        null,
        null,
        0,
        0,
        0,
        null,
        null,
        null,
        null
      ],
      "/Users/spikelny/Desktop/DBC Notes/dbc-code/mano-a-many/app/models/group.rb": [
        1,
        1,
        1,
        1,
        1,
        1,
        null,
        1,
        null,
        1,
        1,
        1,
        1,
        null,
        null,
        1,
        2,
        2,
        2,
        4,
        4,
        2,
        null,
        null,
        null,
        2,
        null,
        null,
        1,
        2,
        2,
        2,
        4,
        4,
        2,
        null,
        null,
        2,
        null,
        null,
        1,
        5,
        19,
        null,
        5,
        14,
        null,
        5,
        null,
        5,
        17,
        null,
        null,
        null,
        null,
        null,
        1,
        null,
        null,
        1,
        1,
        null,
        null,
        null,
        null,
        null
      ],
      "/Users/spikelny/Desktop/DBC Notes/dbc-code/mano-a-many/spec/models/membership_spec.rb": [
        1,
        1,
        null,
        1,
        1,
        2,
        2,
        null,
        null
      ],
      "/Users/spikelny/Desktop/DBC Notes/dbc-code/mano-a-many/app/models/membership.rb": [
        1,
        1,
        1,
        null
      ],
      "/Users/spikelny/Desktop/DBC Notes/dbc-code/mano-a-many/spec/models/squaring_event_spec.rb": [
        1,
        1,
        null,
        1,
        1,
        27,
        null,
        null,
        1,
        2,
        2,
        2,
        2,
        null,
        null,
        1,
        1,
        1,
        1,
        1,
        null,
        null,
        1,
        1,
        1,
        1,
        null,
        null,
        null,
        null,
        1,
        1,
        1,
        1,
        2,
        null,
        null,
        1,
        1,
        1,
        1,
        null,
        null,
        1,
        1,
        1,
        1,
        null,
        null,
        null,
        1,
        null,
        1,
        1,
        5,
        5,
        null,
        1,
        1,
        null,
        null,
        1,
        1,
        null,
        null,
        1,
        1,
        null,
        null,
        1,
        1,
        null,
        null,
        1,
        1,
        null,
        null,
        1,
        1,
        1,
        1,
        null,
        1,
        1,
        null,
        null,
        null,
        null,
        1,
        1,
        8,
        null,
        null,
        null,
        null,
        8,
        null,
        null,
        null,
        null,
        1,
        1,
        null,
        null,
        1,
        1,
        null,
        null,
        1,
        1,
        null,
        null,
        1,
        1,
        null,
        null,
        1,
        1,
        null,
        null,
        1,
        1,
        null,
        null,
        1,
        1,
        null,
        null,
        1,
        1,
        null,
        null,
        null,
        1,
        1,
        1,
        null,
        null,
        null,
        null,
        null,
        null,
        1,
        null,
        null,
        null,
        null,
        null,
        null,
        null,
        null,
        1,
        1,
        null,
        null,
        null,
        1,
        4,
        null,
        1,
        1,
        1,
        null,
        1,
        null,
        null,
        1,
        1,
        1,
        null,
        null,
        1,
        1,
        1,
        1,
        null,
        1,
        null,
        null,
        null,
        null
      ],
      "/Users/spikelny/Desktop/DBC Notes/dbc-code/mano-a-many/app/models/squaring_event.rb": [
        1,
        1,
        1,
        1,
        1,
        null,
        1,
        null,
        null,
        null,
        1,
        2,
        2,
        2,
        2,
        11,
        11,
        11,
        null,
        2,
        null,
        null,
        1,
        16,
        15,
        127,
        null,
        1,
        null,
        null,
        null,
        1,
        18,
        18,
        null,
        null,
        1,
        17,
        64,
        null,
        41,
        238,
        null,
        null,
        7,
        null,
        null,
        null,
        null,
        null,
        null,
        null,
        1,
        103,
        96,
        17,
        null,
        17,
        null,
        null,
        null,
        null,
        1,
        14,
        null,
        null,
        null,
        null,
        null,
        null,
        null,
        14,
        14,
        null,
        null,
        null,
        1,
        11,
        11,
        11,
        null,
        11,
        11,
        null,
        null
      ],
      "/Users/spikelny/Desktop/DBC Notes/dbc-code/mano-a-many/spec/models/transaction_spec.rb": [
        1,
        1,
        null,
        1,
        null,
        2,
        null,
        2,
        null,
        2,
        null,
        2,
        null,
        2,
        null,
        2,
        null,
        2,
        null,
        null
      ],
      "/Users/spikelny/Desktop/DBC Notes/dbc-code/mano-a-many/app/models/transaction.rb": [
        1,
        null,
        1,
        1,
        1,
        null,
        1,
        1,
        1,
        1,
        null,
        null,
        null,
        1,
        null,
        null,
        1,
        null,
        null,
        null,
        null
      ],
      "/Users/spikelny/Desktop/DBC Notes/dbc-code/mano-a-many/spec/models/user_spec.rb": [
        1,
        null,
        1,
        1,
        2,
        2,
        2,
        2,
        2,
        2,
        null,
        null,
        null,
        1,
        1,
        2,
        null,
        null,
        null,
        2,
        null,
        null,
        null,
        2,
        null,
        null,
        null,
        null,
        null,
        null,
        null,
        2,
        null,
        null,
        null,
        null,
        null,
        null,
        null,
        null,
        1,
        1,
        null,
        1,
        1,
        null,
        null,
        null,
        1,
        1,
        2,
        null,
        null,
        null,
        null,
        2,
        null,
        null,
        null,
        null,
        2,
        null,
        null,
        null,
        null,
        null,
        null,
        null,
        null,
        null,
        null,
        1,
        1,
        null,
        null,
        1,
        1,
        null,
        null,
        null
      ],
      "/Users/spikelny/Desktop/DBC Notes/dbc-code/mano-a-many/app/models/user.rb": [
        1,
        1,
        1,
        null,
        1,
        1,
        1,
        1,
        null,
        null,
        1,
        null,
        1,
        10,
        null,
        null,
        1,
        11,
        8,
        4,
        null,
        null,
        3,
        2,
        null,
        null,
        null,
        null,
        1,
        11,
        8,
        4,
        null,
        null,
        3,
        2,
        null,
        null,
        null,
        null,
        1,
        null,
        null,
        null
      ],
      "/Users/spikelny/Desktop/DBC Notes/dbc-code/mano-a-many/spec/models/user_squaring_spec.rb": [
        1,
        1,
        null,
        1,
        2,
        2,
        null,
        null
      ],
      "/Users/spikelny/Desktop/DBC Notes/dbc-code/mano-a-many/app/models/user_squaring.rb": [
        1,
        1,
        1,
        null,
        null
      ]
    },
    "timestamp": 1409510678
  }
}
